<?xml version="1.0" encoding="UTF-8"?>
<!-- Generated by org.testng.reporters.JUnitReportReporter -->
<testsuite skipped="0" hostname="DESKTOP-R5SR0P0" name="NewTest" tests="5" failures="0" timestamp="02 Jul 2019 19:04:08 GMT" time="6.053" errors="0">
  <testcase name="f" time="0.343" classname="NewTest"/>
  <testcase name="e" time="1.548" classname="NewTest"/>
  <testcase name="b" time="0.342" classname="NewTest"/>
  <testcase name="c" time="3.527" classname="NewTest"/>
  <testcase name="d" time="0.293" classname="NewTest"/>
</testsuite> <!-- NewTest -->
