<?xml version="1.0" encoding="UTF-8"?>
<!-- Generated by org.testng.reporters.JUnitReportReporter -->
<testsuite skipped="0" hostname="DESKTOP-R5SR0P0" name="Adavance" tests="1" failures="0" timestamp="05 Jul 2019 22:40:15 GMT" time="7.548" errors="0">
  <testcase name="f" time="7.548" classname="Adavance"/>
</testsuite> <!-- Adavance -->
